<?xml version="1.0" encoding="UTF-8"?>
<coverage generated="1641063749885" clover="3.2.0">
  <project timestamp="1641063749885" name="All files">
    <metrics statements="153" coveredstatements="153" conditionals="104" coveredconditionals="102" methods="58" coveredmethods="58" elements="315" coveredelements="313" complexity="0" loc="153" ncloc="153" packages="1" files="2" classes="2"/>
    <file name="index.ts" path="C:\Projects\API Games\Framework\json\src\index.ts">
      <metrics statements="30" coveredstatements="30" conditionals="0" coveredconditionals="0" methods="29" coveredmethods="29"/>
      <line num="1" count="1" type="stmt"/>
      <line num="2" count="6" type="stmt"/>
      <line num="3" count="8" type="stmt"/>
      <line num="4" count="5" type="stmt"/>
      <line num="5" count="7" type="stmt"/>
      <line num="6" count="6" type="stmt"/>
      <line num="7" count="7" type="stmt"/>
      <line num="8" count="7" type="stmt"/>
      <line num="9" count="7" type="stmt"/>
      <line num="10" count="7" type="stmt"/>
      <line num="11" count="7" type="stmt"/>
      <line num="12" count="7" type="stmt"/>
      <line num="13" count="7" type="stmt"/>
      <line num="14" count="9" type="stmt"/>
      <line num="15" count="9" type="stmt"/>
      <line num="16" count="11" type="stmt"/>
      <line num="17" count="11" type="stmt"/>
      <line num="18" count="6" type="stmt"/>
      <line num="19" count="9" type="stmt"/>
      <line num="20" count="12" type="stmt"/>
      <line num="21" count="10" type="stmt"/>
      <line num="22" count="9" type="stmt"/>
      <line num="23" count="8" type="stmt"/>
      <line num="24" count="9" type="stmt"/>
      <line num="25" count="9" type="stmt"/>
      <line num="26" count="12" type="stmt"/>
      <line num="27" count="11" type="stmt"/>
      <line num="28" count="11" type="stmt"/>
      <line num="29" count="2" type="stmt"/>
      <line num="30" count="5" type="stmt"/>
    </file>
    <file name="utils.ts" path="C:\Projects\API Games\Framework\json\src\utils.ts">
      <metrics statements="123" coveredstatements="123" conditionals="104" coveredconditionals="102" methods="29" coveredmethods="29"/>
      <line num="1" count="1" type="stmt"/>
      <line num="2" count="1" type="stmt"/>
      <line num="4" count="1" type="stmt"/>
      <line num="5" count="50" type="stmt"/>
      <line num="8" count="1" type="stmt"/>
      <line num="9" count="292" type="cond" truecount="2" falsecount="0"/>
      <line num="12" count="1" type="stmt"/>
      <line num="13" count="15" type="stmt"/>
      <line num="16" count="1" type="stmt"/>
      <line num="17" count="10" type="cond" truecount="2" falsecount="0"/>
      <line num="20" count="1" type="stmt"/>
      <line num="21" count="107" type="cond" truecount="3" falsecount="0"/>
      <line num="25" count="1" type="stmt"/>
      <line num="26" count="35" type="cond" truecount="2" falsecount="0"/>
      <line num="29" count="1" type="stmt"/>
      <line num="30" count="13" type="cond" truecount="2" falsecount="0"/>
      <line num="33" count="1" type="stmt"/>
      <line num="34" count="8" type="cond" truecount="3" falsecount="0"/>
      <line num="37" count="1" type="stmt"/>
      <line num="38" count="11" type="cond" truecount="2" falsecount="0"/>
      <line num="41" count="1" type="stmt"/>
      <line num="43" count="27" type="cond" truecount="3" falsecount="0"/>
      <line num="46" count="1" type="stmt"/>
      <line num="47" count="15" type="cond" truecount="2" falsecount="0"/>
      <line num="50" count="1" type="stmt"/>
      <line num="51" count="71" type="cond" truecount="5" falsecount="0"/>
      <line num="55" count="1" type="stmt"/>
      <line num="56" count="5" type="cond" truecount="3" falsecount="0"/>
      <line num="59" count="1" type="stmt"/>
      <line num="60" count="8" type="cond" truecount="3" falsecount="0"/>
      <line num="63" count="1" type="stmt"/>
      <line num="64" count="13" type="cond" truecount="3" falsecount="0"/>
      <line num="67" count="1" type="stmt"/>
      <line num="68" count="6" type="cond" truecount="2" falsecount="0"/>
      <line num="70" count="5" type="cond" truecount="2" falsecount="0"/>
      <line num="72" count="2" type="stmt"/>
      <line num="75" count="3" type="stmt"/>
      <line num="78" count="1" type="stmt"/>
      <line num="79" count="6" type="cond" truecount="2" falsecount="0"/>
      <line num="81" count="5" type="cond" truecount="2" falsecount="0"/>
      <line num="83" count="2" type="stmt"/>
      <line num="86" count="3" type="stmt"/>
      <line num="89" count="1" type="stmt"/>
      <line num="90" count="6" type="cond" truecount="2" falsecount="0"/>
      <line num="92" count="6" type="cond" truecount="2" falsecount="0"/>
      <line num="94" count="2" type="stmt"/>
      <line num="97" count="3" type="stmt"/>
      <line num="100" count="1" type="stmt"/>
      <line num="101" count="6" type="cond" truecount="2" falsecount="0"/>
      <line num="103" count="4" type="cond" truecount="2" falsecount="0"/>
      <line num="105" count="2" type="stmt"/>
      <line num="108" count="3" type="stmt"/>
      <line num="111" count="1" type="stmt"/>
      <line num="112" count="6" type="cond" truecount="2" falsecount="0"/>
      <line num="114" count="5" type="cond" truecount="2" falsecount="0"/>
      <line num="116" count="2" type="stmt"/>
      <line num="119" count="3" type="stmt"/>
      <line num="122" count="1" type="stmt"/>
      <line num="123" count="6" type="cond" truecount="2" falsecount="0"/>
      <line num="125" count="4" type="cond" truecount="2" falsecount="0"/>
      <line num="127" count="2" type="stmt"/>
      <line num="130" count="3" type="stmt"/>
      <line num="133" count="1" type="stmt"/>
      <line num="134" count="11" type="cond" truecount="2" falsecount="0"/>
      <line num="137" count="1" type="stmt"/>
      <line num="138" count="5" type="cond" truecount="3" falsecount="0"/>
      <line num="141" count="1" type="stmt"/>
      <line num="142" count="10" type="cond" truecount="2" falsecount="0"/>
      <line num="143" count="10" type="cond" truecount="2" falsecount="0"/>
      <line num="145" count="10" type="stmt"/>
      <line num="148" count="10" type="stmt"/>
      <line num="149" count="25" type="cond" truecount="2" falsecount="0"/>
      <line num="150" count="5" type="cond" truecount="2" falsecount="0"/>
      <line num="151" count="4" type="stmt"/>
      <line num="152" count="4" type="stmt"/>
      <line num="153" count="4" type="stmt"/>
      <line num="155" count="4" type="stmt"/>
      <line num="157" count="1" type="stmt"/>
      <line num="159" count="20" type="cond" truecount="2" falsecount="0"/>
      <line num="160" count="6" type="cond" truecount="2" falsecount="0"/>
      <line num="161" count="5" type="stmt"/>
      <line num="163" count="1" type="stmt"/>
      <line num="166" count="14" type="stmt"/>
      <line num="170" count="10" type="stmt"/>
      <line num="173" count="1" type="stmt"/>
      <line num="174" count="7" type="stmt"/>
      <line num="177" count="1" type="stmt"/>
      <line num="178" count="36" type="cond" truecount="2" falsecount="0"/>
      <line num="180" count="4" type="stmt"/>
      <line num="181" count="9" type="cond" truecount="2" falsecount="0"/>
      <line num="182" count="6" type="stmt"/>
      <line num="185" count="3" type="stmt"/>
      <line num="188" count="32" type="cond" truecount="2" falsecount="0"/>
      <line num="190" count="10" type="stmt"/>
      <line num="191" count="26" type="cond" truecount="1" falsecount="1"/>
      <line num="192" count="26" type="cond" truecount="2" falsecount="0"/>
      <line num="193" count="21" type="stmt"/>
      <line num="196" count="5" type="stmt"/>
      <line num="203" count="1" type="cond" truecount="1" falsecount="0"/>
      <line num="204" count="9" type="cond" truecount="2" falsecount="0"/>
      <line num="205" count="8" type="stmt"/>
      <line num="207" count="8" type="cond" truecount="1" falsecount="1"/>
      <line num="208" count="8" type="stmt"/>
      <line num="211" count="8" type="stmt"/>
      <line num="214" count="1" type="stmt"/>
      <line num="217" count="1" type="stmt"/>
      <line num="223" count="4" type="stmt"/>
      <line num="225" count="4" type="cond" truecount="2" falsecount="0"/>
      <line num="227" count="1" type="stmt"/>
      <line num="228" count="12" type="stmt"/>
      <line num="232" count="4" type="cond" truecount="2" falsecount="0"/>
      <line num="234" count="2" type="stmt"/>
      <line num="235" count="22" type="cond" truecount="4" falsecount="0"/>
      <line num="236" count="14" type="stmt"/>
      <line num="237" count="14" type="stmt"/>
      <line num="238" count="14" type="stmt"/>
      <line num="243" count="4" type="stmt"/>
      <line num="246" count="1" type="stmt"/>
      <line num="247" count="6" type="cond" truecount="2" falsecount="0"/>
      <line num="248" count="5" type="stmt"/>
      <line num="251" count="5" type="stmt"/>
      <line num="253" count="5" type="stmt"/>
      <line num="256" count="1" type="stmt"/>
    </file>
  </project>
</coverage>
