{"C:\\Projects\\API Games\\Framework\\json\\src\\index.ts": {"path":"C:\\Projects\\API Games\\Framework\\json\\src\\index.ts","statementMap":{"0":{"start":{"line":1,"column":0},"end":{"line":1,"column":null}},"1":{"start":{"line":2,"column":2},"end":{"line":2,"column":null}},"2":{"start":{"line":3,"column":2},"end":{"line":3,"column":null}},"3":{"start":{"line":4,"column":2},"end":{"line":4,"column":null}},"4":{"start":{"line":5,"column":2},"end":{"line":5,"column":null}},"5":{"start":{"line":6,"column":2},"end":{"line":6,"column":null}},"6":{"start":{"line":7,"column":2},"end":{"line":7,"column":null}},"7":{"start":{"line":8,"column":2},"end":{"line":8,"column":null}},"8":{"start":{"line":9,"column":2},"end":{"line":9,"column":null}},"9":{"start":{"line":10,"column":2},"end":{"line":10,"column":null}},"10":{"start":{"line":11,"column":2},"end":{"line":11,"column":null}},"11":{"start":{"line":12,"column":2},"end":{"line":12,"column":null}},"12":{"start":{"line":13,"column":2},"end":{"line":13,"column":null}},"13":{"start":{"line":14,"column":2},"end":{"line":14,"column":null}},"14":{"start":{"line":15,"column":2},"end":{"line":15,"column":null}},"15":{"start":{"line":16,"column":2},"end":{"line":16,"column":null}},"16":{"start":{"line":17,"column":2},"end":{"line":17,"column":null}},"17":{"start":{"line":18,"column":2},"end":{"line":18,"column":null}},"18":{"start":{"line":19,"column":2},"end":{"line":19,"column":null}},"19":{"start":{"line":20,"column":2},"end":{"line":20,"column":null}},"20":{"start":{"line":21,"column":2},"end":{"line":21,"column":null}},"21":{"start":{"line":22,"column":2},"end":{"line":22,"column":null}},"22":{"start":{"line":23,"column":2},"end":{"line":23,"column":null}},"23":{"start":{"line":24,"column":2},"end":{"line":24,"column":null}},"24":{"start":{"line":25,"column":2},"end":{"line":25,"column":null}},"25":{"start":{"line":26,"column":2},"end":{"line":26,"column":null}},"26":{"start":{"line":27,"column":2},"end":{"line":27,"column":null}},"27":{"start":{"line":28,"column":2},"end":{"line":28,"column":null}},"28":{"start":{"line":29,"column":2},"end":{"line":29,"column":null}},"29":{"start":{"line":30,"column":2},"end":{"line":30,"column":null}}},"fnMap":{"0":{"name":"(anonymous_0)","decl":{"start":{"line":2,"column":2},"end":{"line":2,"column":8}},"loc":{"start":{"line":2,"column":2},"end":{"line":2,"column":null}}},"1":{"name":"(anonymous_1)","decl":{"start":{"line":3,"column":2},"end":{"line":3,"column":10}},"loc":{"start":{"line":3,"column":2},"end":{"line":3,"column":null}}},"2":{"name":"(anonymous_2)","decl":{"start":{"line":4,"column":2},"end":{"line":4,"column":7}},"loc":{"start":{"line":4,"column":2},"end":{"line":4,"column":null}}},"3":{"name":"(anonymous_3)","decl":{"start":{"line":5,"column":2},"end":{"line":5,"column":18}},"loc":{"start":{"line":5,"column":2},"end":{"line":5,"column":null}}},"4":{"name":"(anonymous_4)","decl":{"start":{"line":6,"column":2},"end":{"line":6,"column":13}},"loc":{"start":{"line":6,"column":2},"end":{"line":6,"column":null}}},"5":{"name":"(anonymous_5)","decl":{"start":{"line":7,"column":2},"end":{"line":7,"column":9}},"loc":{"start":{"line":7,"column":2},"end":{"line":7,"column":null}}},"6":{"name":"(anonymous_6)","decl":{"start":{"line":8,"column":2},"end":{"line":8,"column":19}},"loc":{"start":{"line":8,"column":2},"end":{"line":8,"column":null}}},"7":{"name":"(anonymous_7)","decl":{"start":{"line":9,"column":2},"end":{"line":9,"column":16}},"loc":{"start":{"line":9,"column":2},"end":{"line":9,"column":null}}},"8":{"name":"(anonymous_8)","decl":{"start":{"line":10,"column":2},"end":{"line":10,"column":19}},"loc":{"start":{"line":10,"column":2},"end":{"line":10,"column":null}}},"9":{"name":"(anonymous_9)","decl":{"start":{"line":11,"column":2},"end":{"line":11,"column":18}},"loc":{"start":{"line":11,"column":2},"end":{"line":11,"column":null}}},"10":{"name":"(anonymous_10)","decl":{"start":{"line":12,"column":2},"end":{"line":12,"column":18}},"loc":{"start":{"line":12,"column":2},"end":{"line":12,"column":null}}},"11":{"name":"(anonymous_11)","decl":{"start":{"line":13,"column":2},"end":{"line":13,"column":18}},"loc":{"start":{"line":13,"column":2},"end":{"line":13,"column":null}}},"12":{"name":"(anonymous_12)","decl":{"start":{"line":14,"column":2},"end":{"line":14,"column":11}},"loc":{"start":{"line":14,"column":2},"end":{"line":14,"column":null}}},"13":{"name":"(anonymous_13)","decl":{"start":{"line":15,"column":2},"end":{"line":15,"column":8}},"loc":{"start":{"line":15,"column":2},"end":{"line":15,"column":null}}},"14":{"name":"(anonymous_14)","decl":{"start":{"line":16,"column":2},"end":{"line":16,"column":11}},"loc":{"start":{"line":16,"column":2},"end":{"line":16,"column":null}}},"15":{"name":"(anonymous_15)","decl":{"start":{"line":17,"column":2},"end":{"line":17,"column":21}},"loc":{"start":{"line":17,"column":2},"end":{"line":17,"column":null}}},"16":{"name":"(anonymous_16)","decl":{"start":{"line":18,"column":2},"end":{"line":18,"column":9}},"loc":{"start":{"line":18,"column":2},"end":{"line":18,"column":null}}},"17":{"name":"(anonymous_17)","decl":{"start":{"line":19,"column":2},"end":{"line":19,"column":9}},"loc":{"start":{"line":19,"column":2},"end":{"line":19,"column":null}}},"18":{"name":"(anonymous_18)","decl":{"start":{"line":20,"column":2},"end":{"line":20,"column":9}},"loc":{"start":{"line":20,"column":2},"end":{"line":20,"column":null}}},"19":{"name":"(anonymous_19)","decl":{"start":{"line":21,"column":2},"end":{"line":21,"column":11}},"loc":{"start":{"line":21,"column":2},"end":{"line":21,"column":null}}},"20":{"name":"(anonymous_20)","decl":{"start":{"line":22,"column":2},"end":{"line":22,"column":10}},"loc":{"start":{"line":22,"column":2},"end":{"line":22,"column":null}}},"21":{"name":"(anonymous_21)","decl":{"start":{"line":23,"column":2},"end":{"line":23,"column":10}},"loc":{"start":{"line":23,"column":2},"end":{"line":23,"column":null}}},"22":{"name":"(anonymous_22)","decl":{"start":{"line":24,"column":2},"end":{"line":24,"column":10}},"loc":{"start":{"line":24,"column":2},"end":{"line":24,"column":null}}},"23":{"name":"(anonymous_23)","decl":{"start":{"line":25,"column":2},"end":{"line":25,"column":10}},"loc":{"start":{"line":25,"column":2},"end":{"line":25,"column":null}}},"24":{"name":"(anonymous_24)","decl":{"start":{"line":26,"column":2},"end":{"line":26,"column":8}},"loc":{"start":{"line":26,"column":2},"end":{"line":26,"column":null}}},"25":{"name":"(anonymous_25)","decl":{"start":{"line":27,"column":2},"end":{"line":27,"column":13}},"loc":{"start":{"line":27,"column":2},"end":{"line":27,"column":null}}},"26":{"name":"(anonymous_26)","decl":{"start":{"line":28,"column":2},"end":{"line":28,"column":19}},"loc":{"start":{"line":28,"column":2},"end":{"line":28,"column":null}}},"27":{"name":"(anonymous_27)","decl":{"start":{"line":29,"column":2},"end":{"line":29,"column":23}},"loc":{"start":{"line":29,"column":2},"end":{"line":29,"column":null}}},"28":{"name":"(anonymous_28)","decl":{"start":{"line":30,"column":2},"end":{"line":30,"column":11}},"loc":{"start":{"line":30,"column":2},"end":{"line":30,"column":null}}}},"branchMap":{},"s":{"0":1,"1":6,"2":8,"3":5,"4":7,"5":6,"6":7,"7":7,"8":7,"9":7,"10":7,"11":7,"12":7,"13":9,"14":9,"15":11,"16":11,"17":6,"18":9,"19":12,"20":10,"21":9,"22":8,"23":9,"24":9,"25":12,"26":11,"27":11,"28":2,"29":5},"f":{"0":5,"1":7,"2":4,"3":6,"4":5,"5":6,"6":6,"7":6,"8":6,"9":6,"10":6,"11":6,"12":8,"13":8,"14":10,"15":10,"16":5,"17":8,"18":11,"19":9,"20":8,"21":7,"22":8,"23":8,"24":11,"25":10,"26":10,"27":1,"28":4},"b":{}}
,"C:\\Projects\\API Games\\Framework\\json\\src\\utils.ts": {"path":"C:\\Projects\\API Games\\Framework\\json\\src\\utils.ts","statementMap":{"0":{"start":{"line":1,"column":18},"end":{"line":1,"column":39}},"1":{"start":{"line":2,"column":18},"end":{"line":2,"column":45}},"2":{"start":{"line":5,"column":2},"end":{"line":5,"column":31}},"3":{"start":{"line":4,"column":0},"end":{"line":4,"column":16}},"4":{"start":{"line":9,"column":2},"end":{"line":9,"column":51}},"5":{"start":{"line":8,"column":0},"end":{"line":8,"column":16}},"6":{"start":{"line":13,"column":2},"end":{"line":13,"column":31}},"7":{"start":{"line":12,"column":0},"end":{"line":12,"column":16}},"8":{"start":{"line":17,"column":2},"end":{"line":17,"column":51}},"9":{"start":{"line":16,"column":0},"end":{"line":16,"column":16}},"10":{"start":{"line":21,"column":2},"end":{"line":22,"column":37}},"11":{"start":{"line":20,"column":0},"end":{"line":20,"column":16}},"12":{"start":{"line":26,"column":2},"end":{"line":26,"column":68}},"13":{"start":{"line":25,"column":0},"end":{"line":25,"column":16}},"14":{"start":{"line":30,"column":2},"end":{"line":30,"column":63}},"15":{"start":{"line":29,"column":0},"end":{"line":29,"column":16}},"16":{"start":{"line":34,"column":2},"end":{"line":34,"column":106}},"17":{"start":{"line":33,"column":0},"end":{"line":33,"column":16}},"18":{"start":{"line":38,"column":2},"end":{"line":38,"column":47}},"19":{"start":{"line":37,"column":0},"end":{"line":37,"column":16}},"20":{"start":{"line":43,"column":2},"end":{"line":43,"column":86}},"21":{"start":{"line":41,"column":0},"end":{"line":41,"column":16}},"22":{"start":{"line":47,"column":2},"end":{"line":47,"column":46}},"23":{"start":{"line":46,"column":0},"end":{"line":46,"column":16}},"24":{"start":{"line":51,"column":2},"end":{"line":52,"column":92}},"25":{"start":{"line":50,"column":0},"end":{"line":50,"column":16}},"26":{"start":{"line":56,"column":2},"end":{"line":56,"column":97}},"27":{"start":{"line":55,"column":0},"end":{"line":55,"column":16}},"28":{"start":{"line":60,"column":2},"end":{"line":60,"column":101}},"29":{"start":{"line":59,"column":0},"end":{"line":59,"column":16}},"30":{"start":{"line":64,"column":2},"end":{"line":64,"column":98}},"31":{"start":{"line":63,"column":0},"end":{"line":63,"column":16}},"32":{"start":{"line":68,"column":2},"end":{"line":73,"column":null}},"33":{"start":{"line":70,"column":4},"end":{"line":70,"column":68}},"34":{"start":{"line":70,"column":32},"end":{"line":70,"column":68}},"35":{"start":{"line":70,"column":55},"end":{"line":70,"column":68}},"36":{"start":{"line":72,"column":4},"end":{"line":72,"column":16}},"37":{"start":{"line":75,"column":2},"end":{"line":75,"column":15}},"38":{"start":{"line":67,"column":0},"end":{"line":67,"column":16}},"39":{"start":{"line":79,"column":2},"end":{"line":84,"column":null}},"40":{"start":{"line":81,"column":4},"end":{"line":81,"column":65}},"41":{"start":{"line":81,"column":32},"end":{"line":81,"column":65}},"42":{"start":{"line":81,"column":52},"end":{"line":81,"column":65}},"43":{"start":{"line":83,"column":4},"end":{"line":83,"column":16}},"44":{"start":{"line":86,"column":2},"end":{"line":86,"column":15}},"45":{"start":{"line":78,"column":0},"end":{"line":78,"column":16}},"46":{"start":{"line":90,"column":2},"end":{"line":95,"column":null}},"47":{"start":{"line":92,"column":4},"end":{"line":92,"column":68}},"48":{"start":{"line":92,"column":32},"end":{"line":92,"column":68}},"49":{"start":{"line":92,"column":55},"end":{"line":92,"column":68}},"50":{"start":{"line":94,"column":4},"end":{"line":94,"column":16}},"51":{"start":{"line":97,"column":2},"end":{"line":97,"column":15}},"52":{"start":{"line":89,"column":0},"end":{"line":89,"column":16}},"53":{"start":{"line":101,"column":2},"end":{"line":106,"column":null}},"54":{"start":{"line":103,"column":4},"end":{"line":103,"column":67}},"55":{"start":{"line":103,"column":32},"end":{"line":103,"column":67}},"56":{"start":{"line":103,"column":54},"end":{"line":103,"column":67}},"57":{"start":{"line":105,"column":4},"end":{"line":105,"column":16}},"58":{"start":{"line":108,"column":2},"end":{"line":108,"column":15}},"59":{"start":{"line":100,"column":0},"end":{"line":100,"column":16}},"60":{"start":{"line":112,"column":2},"end":{"line":117,"column":null}},"61":{"start":{"line":114,"column":4},"end":{"line":114,"column":67}},"62":{"start":{"line":114,"column":32},"end":{"line":114,"column":67}},"63":{"start":{"line":114,"column":54},"end":{"line":114,"column":67}},"64":{"start":{"line":116,"column":4},"end":{"line":116,"column":16}},"65":{"start":{"line":119,"column":2},"end":{"line":119,"column":15}},"66":{"start":{"line":111,"column":0},"end":{"line":111,"column":16}},"67":{"start":{"line":123,"column":2},"end":{"line":128,"column":null}},"68":{"start":{"line":125,"column":4},"end":{"line":125,"column":67}},"69":{"start":{"line":125,"column":32},"end":{"line":125,"column":67}},"70":{"start":{"line":125,"column":54},"end":{"line":125,"column":67}},"71":{"start":{"line":127,"column":4},"end":{"line":127,"column":16}},"72":{"start":{"line":130,"column":2},"end":{"line":130,"column":15}},"73":{"start":{"line":122,"column":0},"end":{"line":122,"column":16}},"74":{"start":{"line":134,"column":2},"end":{"line":134,"column":46}},"75":{"start":{"line":133,"column":0},"end":{"line":133,"column":16}},"76":{"start":{"line":138,"column":2},"end":{"line":138,"column":96}},"77":{"start":{"line":137,"column":0},"end":{"line":137,"column":16}},"78":{"start":{"line":142,"column":19},"end":{"line":142,"column":33}},"79":{"start":{"line":143,"column":28},"end":{"line":143,"column":51}},"80":{"start":{"line":145,"column":31},"end":{"line":145,"column":56}},"81":{"start":{"line":148,"column":2},"end":{"line":168,"column":null}},"82":{"start":{"line":148,"column":15},"end":{"line":148,"column":16}},"83":{"start":{"line":149,"column":4},"end":{"line":167,"column":null}},"84":{"start":{"line":150,"column":6},"end":{"line":158,"column":null}},"85":{"start":{"line":151,"column":26},"end":{"line":151,"column":53}},"86":{"start":{"line":152,"column":29},"end":{"line":152,"column":65}},"87":{"start":{"line":153,"column":26},"end":{"line":153,"column":90}},"88":{"start":{"line":155,"column":8},"end":{"line":155,"column":56}},"89":{"start":{"line":157,"column":8},"end":{"line":157,"column":57}},"90":{"start":{"line":159,"column":11},"end":{"line":167,"column":null}},"91":{"start":{"line":160,"column":6},"end":{"line":164,"column":null}},"92":{"start":{"line":161,"column":8},"end":{"line":161,"column":64}},"93":{"start":{"line":163,"column":8},"end":{"line":163,"column":57}},"94":{"start":{"line":166,"column":6},"end":{"line":166,"column":55}},"95":{"start":{"line":170,"column":2},"end":{"line":170,"column":13}},"96":{"start":{"line":141,"column":0},"end":{"line":141,"column":16}},"97":{"start":{"line":174,"column":2},"end":{"line":174,"column":46}},"98":{"start":{"line":173,"column":0},"end":{"line":173,"column":16}},"99":{"start":{"line":178,"column":2},"end":{"line":200,"column":null}},"100":{"start":{"line":180,"column":4},"end":{"line":187,"column":null}},"101":{"start":{"line":180,"column":21},"end":{"line":180,"column":40}},"102":{"start":{"line":181,"column":6},"end":{"line":186,"column":null}},"103":{"start":{"line":182,"column":8},"end":{"line":182,"column":47}},"104":{"start":{"line":185,"column":8},"end":{"line":185,"column":45}},"105":{"start":{"line":188,"column":9},"end":{"line":200,"column":null}},"106":{"start":{"line":190,"column":4},"end":{"line":199,"column":null}},"107":{"start":{"line":191,"column":6},"end":{"line":198,"column":null}},"108":{"start":{"line":192,"column":8},"end":{"line":197,"column":null}},"109":{"start":{"line":193,"column":10},"end":{"line":193,"column":47}},"110":{"start":{"line":196,"column":10},"end":{"line":196,"column":31}},"111":{"start":{"line":177,"column":0},"end":{"line":177,"column":16}},"112":{"start":{"line":204,"column":2},"end":{"line":212,"column":null}},"113":{"start":{"line":205,"column":32},"end":{"line":205,"column":48}},"114":{"start":{"line":207,"column":4},"end":{"line":209,"column":null}},"115":{"start":{"line":208,"column":6},"end":{"line":208,"column":44}},"116":{"start":{"line":211,"column":4},"end":{"line":211,"column":26}},"117":{"start":{"line":214,"column":2},"end":{"line":214,"column":19}},"118":{"start":{"line":203,"column":0},"end":{"line":203,"column":16}},"119":{"start":{"line":223,"column":16},"end":{"line":223,"column":61}},"120":{"start":{"line":225,"column":2},"end":{"line":230,"column":null}},"121":{"start":{"line":227,"column":4},"end":{"line":229,"column":null}},"122":{"start":{"line":227,"column":17},"end":{"line":227,"column":18}},"123":{"start":{"line":228,"column":6},"end":{"line":228,"column":39}},"124":{"start":{"line":232,"column":2},"end":{"line":241,"column":null}},"125":{"start":{"line":234,"column":4},"end":{"line":240,"column":null}},"126":{"start":{"line":234,"column":17},"end":{"line":234,"column":18}},"127":{"start":{"line":235,"column":6},"end":{"line":239,"column":null}},"128":{"start":{"line":236,"column":26},"end":{"line":236,"column":45}},"129":{"start":{"line":237,"column":8},"end":{"line":237,"column":54}},"130":{"start":{"line":238,"column":8},"end":{"line":238,"column":39}},"131":{"start":{"line":243,"column":2},"end":{"line":243,"column":26}},"132":{"start":{"line":217,"column":0},"end":{"line":217,"column":16}},"133":{"start":{"line":247,"column":2},"end":{"line":254,"column":null}},"134":{"start":{"line":248,"column":23},"end":{"line":248,"column":52}},"135":{"start":{"line":251,"column":4},"end":{"line":251,"column":34}},"136":{"start":{"line":253,"column":4},"end":{"line":253,"column":17}},"137":{"start":{"line":256,"column":2},"end":{"line":256,"column":19}},"138":{"start":{"line":246,"column":0},"end":{"line":246,"column":16}}},"fnMap":{"0":{"name":"isDefined","decl":{"start":{"line":4,"column":16},"end":{"line":4,"column":25}},"loc":{"start":{"line":4,"column":36},"end":{"line":6,"column":1}}},"1":{"name":"isDefinedAndNotNull","decl":{"start":{"line":8,"column":16},"end":{"line":8,"column":35}},"loc":{"start":{"line":8,"column":46},"end":{"line":10,"column":1}}},"2":{"name":"isUndefined","decl":{"start":{"line":12,"column":16},"end":{"line":12,"column":27}},"loc":{"start":{"line":12,"column":38},"end":{"line":14,"column":1}}},"3":{"name":"isUndefinedOrNull","decl":{"start":{"line":16,"column":16},"end":{"line":16,"column":33}},"loc":{"start":{"line":16,"column":44},"end":{"line":18,"column":1}}},"4":{"name":"isArray","decl":{"start":{"line":20,"column":16},"end":{"line":20,"column":23}},"loc":{"start":{"line":20,"column":34},"end":{"line":23,"column":1}}},"5":{"name":"isBoolean","decl":{"start":{"line":25,"column":16},"end":{"line":25,"column":25}},"loc":{"start":{"line":25,"column":36},"end":{"line":27,"column":1}}},"6":{"name":"isDate","decl":{"start":{"line":29,"column":16},"end":{"line":29,"column":22}},"loc":{"start":{"line":29,"column":33},"end":{"line":31,"column":1}}},"7":{"name":"isError","decl":{"start":{"line":33,"column":16},"end":{"line":33,"column":23}},"loc":{"start":{"line":33,"column":34},"end":{"line":35,"column":1}}},"8":{"name":"isFalse","decl":{"start":{"line":37,"column":16},"end":{"line":37,"column":23}},"loc":{"start":{"line":37,"column":34},"end":{"line":39,"column":1}}},"9":{"name":"isNumber","decl":{"start":{"line":41,"column":16},"end":{"line":41,"column":24}},"loc":{"start":{"line":41,"column":35},"end":{"line":44,"column":1}}},"10":{"name":"isInteger","decl":{"start":{"line":46,"column":16},"end":{"line":46,"column":25}},"loc":{"start":{"line":46,"column":36},"end":{"line":48,"column":1}}},"11":{"name":"isObject","decl":{"start":{"line":50,"column":16},"end":{"line":50,"column":24}},"loc":{"start":{"line":50,"column":35},"end":{"line":53,"column":1}}},"12":{"name":"isEmpty","decl":{"start":{"line":55,"column":16},"end":{"line":55,"column":23}},"loc":{"start":{"line":55,"column":37},"end":{"line":57,"column":1}}},"13":{"name":"isRegExp","decl":{"start":{"line":59,"column":16},"end":{"line":59,"column":24}},"loc":{"start":{"line":59,"column":35},"end":{"line":61,"column":1}}},"14":{"name":"isString","decl":{"start":{"line":63,"column":16},"end":{"line":63,"column":24}},"loc":{"start":{"line":63,"column":35},"end":{"line":65,"column":1}}},"15":{"name":"isArrayOfBooleans","decl":{"start":{"line":67,"column":16},"end":{"line":67,"column":33}},"loc":{"start":{"line":67,"column":45},"end":{"line":76,"column":1}}},"16":{"name":"isArrayOfDates","decl":{"start":{"line":78,"column":16},"end":{"line":78,"column":30}},"loc":{"start":{"line":78,"column":42},"end":{"line":87,"column":1}}},"17":{"name":"isArrayOfIntegers","decl":{"start":{"line":89,"column":16},"end":{"line":89,"column":33}},"loc":{"start":{"line":89,"column":45},"end":{"line":98,"column":1}}},"18":{"name":"isArrayOfNumbers","decl":{"start":{"line":100,"column":16},"end":{"line":100,"column":32}},"loc":{"start":{"line":100,"column":44},"end":{"line":109,"column":1}}},"19":{"name":"isArrayOfStrings","decl":{"start":{"line":111,"column":16},"end":{"line":111,"column":32}},"loc":{"start":{"line":111,"column":44},"end":{"line":120,"column":1}}},"20":{"name":"isArrayOfObjects","decl":{"start":{"line":122,"column":16},"end":{"line":122,"column":32}},"loc":{"start":{"line":122,"column":44},"end":{"line":131,"column":1}}},"21":{"name":"isTrue","decl":{"start":{"line":133,"column":16},"end":{"line":133,"column":22}},"loc":{"start":{"line":133,"column":33},"end":{"line":135,"column":1}}},"22":{"name":"hasProperty","decl":{"start":{"line":137,"column":16},"end":{"line":137,"column":27}},"loc":{"start":{"line":137,"column":54},"end":{"line":139,"column":1}}},"23":{"name":"append","decl":{"start":{"line":141,"column":16},"end":{"line":141,"column":22}},"loc":{"start":{"line":141,"column":60},"end":{"line":171,"column":1}}},"24":{"name":"areEqual","decl":{"start":{"line":173,"column":16},"end":{"line":173,"column":24}},"loc":{"start":{"line":173,"column":60},"end":{"line":175,"column":1}}},"25":{"name":"redactUndefinedValues","decl":{"start":{"line":177,"column":16},"end":{"line":177,"column":37}},"loc":{"start":{"line":177,"column":51},"end":{"line":201,"column":1}}},"26":{"name":"clone","decl":{"start":{"line":203,"column":16},"end":{"line":203,"column":21}},"loc":{"start":{"line":203,"column":77},"end":{"line":215,"column":1}}},"27":{"name":"stringify","decl":{"start":{"line":217,"column":16},"end":{"line":217,"column":25}},"loc":{"start":{"line":221,"column":33},"end":{"line":244,"column":1}}},"28":{"name":"extractAndRedact","decl":{"start":{"line":246,"column":16},"end":{"line":246,"column":32}},"loc":{"start":{"line":246,"column":68},"end":{"line":257,"column":1}}}},"branchMap":{"0":{"loc":{"start":{"line":9,"column":9},"end":{"line":9,"column":50}},"type":"binary-expr","locations":[{"start":{"line":9,"column":10},"end":{"line":9,"column":29}},{"start":{"line":9,"column":35},"end":{"line":9,"column":49}}]},"1":{"loc":{"start":{"line":17,"column":9},"end":{"line":17,"column":50}},"type":"binary-expr","locations":[{"start":{"line":17,"column":10},"end":{"line":17,"column":29}},{"start":{"line":17,"column":35},"end":{"line":17,"column":49}}]},"2":{"loc":{"start":{"line":21,"column":9},"end":{"line":22,"column":36}},"type":"binary-expr","locations":[{"start":{"line":21,"column":9},"end":{"line":21,"column":35}},{"start":{"line":21,"column":40},"end":{"line":21,"column":65}},{"start":{"line":22,"column":8},"end":{"line":22,"column":35}}]},"3":{"loc":{"start":{"line":26,"column":9},"end":{"line":26,"column":67}},"type":"binary-expr","locations":[{"start":{"line":26,"column":9},"end":{"line":26,"column":35}},{"start":{"line":26,"column":40},"end":{"line":26,"column":66}}]},"4":{"loc":{"start":{"line":30,"column":9},"end":{"line":30,"column":62}},"type":"binary-expr","locations":[{"start":{"line":30,"column":9},"end":{"line":30,"column":35}},{"start":{"line":30,"column":40},"end":{"line":30,"column":61}}]},"5":{"loc":{"start":{"line":34,"column":9},"end":{"line":34,"column":105}},"type":"binary-expr","locations":[{"start":{"line":34,"column":9},"end":{"line":34,"column":35}},{"start":{"line":34,"column":40},"end":{"line":34,"column":62}},{"start":{"line":34,"column":68},"end":{"line":34,"column":104}}]},"6":{"loc":{"start":{"line":38,"column":9},"end":{"line":38,"column":46}},"type":"binary-expr","locations":[{"start":{"line":38,"column":9},"end":{"line":38,"column":25}},{"start":{"line":38,"column":30},"end":{"line":38,"column":45}}]},"7":{"loc":{"start":{"line":43,"column":9},"end":{"line":43,"column":85}},"type":"binary-expr","locations":[{"start":{"line":43,"column":9},"end":{"line":43,"column":35}},{"start":{"line":43,"column":40},"end":{"line":43,"column":65}},{"start":{"line":43,"column":70},"end":{"line":43,"column":85}}]},"8":{"loc":{"start":{"line":47,"column":9},"end":{"line":47,"column":45}},"type":"binary-expr","locations":[{"start":{"line":47,"column":9},"end":{"line":47,"column":24}},{"start":{"line":47,"column":29},"end":{"line":47,"column":44}}]},"9":{"loc":{"start":{"line":51,"column":9},"end":{"line":52,"column":91}},"type":"binary-expr","locations":[{"start":{"line":51,"column":9},"end":{"line":51,"column":35}},{"start":{"line":51,"column":40},"end":{"line":51,"column":65}},{"start":{"line":52,"column":9},"end":{"line":52,"column":37}},{"start":{"line":52,"column":44},"end":{"line":52,"column":67}},{"start":{"line":52,"column":73},"end":{"line":52,"column":88}}]},"10":{"loc":{"start":{"line":56,"column":9},"end":{"line":56,"column":96}},"type":"binary-expr","locations":[{"start":{"line":56,"column":10},"end":{"line":56,"column":31}},{"start":{"line":56,"column":37},"end":{"line":56,"column":55}},{"start":{"line":56,"column":60},"end":{"line":56,"column":94}}]},"11":{"loc":{"start":{"line":60,"column":9},"end":{"line":60,"column":100}},"type":"binary-expr","locations":[{"start":{"line":60,"column":9},"end":{"line":60,"column":35}},{"start":{"line":60,"column":40},"end":{"line":60,"column":65}},{"start":{"line":60,"column":71},"end":{"line":60,"column":99}}]},"12":{"loc":{"start":{"line":64,"column":9},"end":{"line":64,"column":97}},"type":"binary-expr","locations":[{"start":{"line":64,"column":9},"end":{"line":64,"column":35}},{"start":{"line":64,"column":41},"end":{"line":64,"column":66}},{"start":{"line":64,"column":72},"end":{"line":64,"column":95}}]},"13":{"loc":{"start":{"line":68,"column":2},"end":{"line":73,"column":null}},"type":"if","locations":[{"start":{"line":68,"column":2},"end":{"line":73,"column":null}},{"start":{"line":68,"column":2},"end":{"line":73,"column":null}}]},"14":{"loc":{"start":{"line":70,"column":32},"end":{"line":70,"column":68}},"type":"if","locations":[{"start":{"line":70,"column":32},"end":{"line":70,"column":68}},{"start":{"line":70,"column":32},"end":{"line":70,"column":68}}]},"15":{"loc":{"start":{"line":79,"column":2},"end":{"line":84,"column":null}},"type":"if","locations":[{"start":{"line":79,"column":2},"end":{"line":84,"column":null}},{"start":{"line":79,"column":2},"end":{"line":84,"column":null}}]},"16":{"loc":{"start":{"line":81,"column":32},"end":{"line":81,"column":65}},"type":"if","locations":[{"start":{"line":81,"column":32},"end":{"line":81,"column":65}},{"start":{"line":81,"column":32},"end":{"line":81,"column":65}}]},"17":{"loc":{"start":{"line":90,"column":2},"end":{"line":95,"column":null}},"type":"if","locations":[{"start":{"line":90,"column":2},"end":{"line":95,"column":null}},{"start":{"line":90,"column":2},"end":{"line":95,"column":null}}]},"18":{"loc":{"start":{"line":92,"column":32},"end":{"line":92,"column":68}},"type":"if","locations":[{"start":{"line":92,"column":32},"end":{"line":92,"column":68}},{"start":{"line":92,"column":32},"end":{"line":92,"column":68}}]},"19":{"loc":{"start":{"line":101,"column":2},"end":{"line":106,"column":null}},"type":"if","locations":[{"start":{"line":101,"column":2},"end":{"line":106,"column":null}},{"start":{"line":101,"column":2},"end":{"line":106,"column":null}}]},"20":{"loc":{"start":{"line":103,"column":32},"end":{"line":103,"column":67}},"type":"if","locations":[{"start":{"line":103,"column":32},"end":{"line":103,"column":67}},{"start":{"line":103,"column":32},"end":{"line":103,"column":67}}]},"21":{"loc":{"start":{"line":112,"column":2},"end":{"line":117,"column":null}},"type":"if","locations":[{"start":{"line":112,"column":2},"end":{"line":117,"column":null}},{"start":{"line":112,"column":2},"end":{"line":117,"column":null}}]},"22":{"loc":{"start":{"line":114,"column":32},"end":{"line":114,"column":67}},"type":"if","locations":[{"start":{"line":114,"column":32},"end":{"line":114,"column":67}},{"start":{"line":114,"column":32},"end":{"line":114,"column":67}}]},"23":{"loc":{"start":{"line":123,"column":2},"end":{"line":128,"column":null}},"type":"if","locations":[{"start":{"line":123,"column":2},"end":{"line":128,"column":null}},{"start":{"line":123,"column":2},"end":{"line":128,"column":null}}]},"24":{"loc":{"start":{"line":125,"column":32},"end":{"line":125,"column":67}},"type":"if","locations":[{"start":{"line":125,"column":32},"end":{"line":125,"column":67}},{"start":{"line":125,"column":32},"end":{"line":125,"column":67}}]},"25":{"loc":{"start":{"line":134,"column":9},"end":{"line":134,"column":45}},"type":"binary-expr","locations":[{"start":{"line":134,"column":9},"end":{"line":134,"column":25}},{"start":{"line":134,"column":30},"end":{"line":134,"column":44}}]},"26":{"loc":{"start":{"line":138,"column":9},"end":{"line":138,"column":95}},"type":"binary-expr","locations":[{"start":{"line":138,"column":9},"end":{"line":138,"column":23}},{"start":{"line":138,"column":27},"end":{"line":138,"column":40}},{"start":{"line":138,"column":44},"end":{"line":138,"column":95}}]},"27":{"loc":{"start":{"line":142,"column":19},"end":{"line":142,"column":33}},"type":"binary-expr","locations":[{"start":{"line":142,"column":19},"end":{"line":142,"column":27}},{"start":{"line":142,"column":31},"end":{"line":142,"column":33}}]},"28":{"loc":{"start":{"line":143,"column":28},"end":{"line":143,"column":51}},"type":"binary-expr","locations":[{"start":{"line":143,"column":28},"end":{"line":143,"column":45}},{"start":{"line":143,"column":49},"end":{"line":143,"column":51}}]},"29":{"loc":{"start":{"line":149,"column":4},"end":{"line":167,"column":null}},"type":"if","locations":[{"start":{"line":149,"column":4},"end":{"line":167,"column":null}},{"start":{"line":149,"column":4},"end":{"line":167,"column":null}}]},"30":{"loc":{"start":{"line":150,"column":6},"end":{"line":158,"column":null}},"type":"if","locations":[{"start":{"line":150,"column":6},"end":{"line":158,"column":null}},{"start":{"line":150,"column":6},"end":{"line":158,"column":null}}]},"31":{"loc":{"start":{"line":159,"column":11},"end":{"line":167,"column":null}},"type":"if","locations":[{"start":{"line":159,"column":11},"end":{"line":167,"column":null}},{"start":{"line":159,"column":11},"end":{"line":167,"column":null}}]},"32":{"loc":{"start":{"line":160,"column":6},"end":{"line":164,"column":null}},"type":"if","locations":[{"start":{"line":160,"column":6},"end":{"line":164,"column":null}},{"start":{"line":160,"column":6},"end":{"line":164,"column":null}}]},"33":{"loc":{"start":{"line":178,"column":2},"end":{"line":200,"column":null}},"type":"if","locations":[{"start":{"line":178,"column":2},"end":{"line":200,"column":null}},{"start":{"line":178,"column":2},"end":{"line":200,"column":null}}]},"34":{"loc":{"start":{"line":181,"column":6},"end":{"line":186,"column":null}},"type":"if","locations":[{"start":{"line":181,"column":6},"end":{"line":186,"column":null}},{"start":{"line":181,"column":6},"end":{"line":186,"column":null}}]},"35":{"loc":{"start":{"line":188,"column":9},"end":{"line":200,"column":null}},"type":"if","locations":[{"start":{"line":188,"column":9},"end":{"line":200,"column":null}},{"start":{"line":188,"column":9},"end":{"line":200,"column":null}}]},"36":{"loc":{"start":{"line":191,"column":6},"end":{"line":198,"column":null}},"type":"if","locations":[{"start":{"line":191,"column":6},"end":{"line":198,"column":null}},{"start":{"line":191,"column":6},"end":{"line":198,"column":null}}]},"37":{"loc":{"start":{"line":192,"column":8},"end":{"line":197,"column":null}},"type":"if","locations":[{"start":{"line":192,"column":8},"end":{"line":197,"column":null}},{"start":{"line":192,"column":8},"end":{"line":197,"column":null}}]},"38":{"loc":{"start":{"line":203,"column":34},"end":{"line":203,"column":77}},"type":"default-arg","locations":[{"start":{"line":203,"column":73},"end":{"line":203,"column":77}}]},"39":{"loc":{"start":{"line":204,"column":2},"end":{"line":212,"column":null}},"type":"if","locations":[{"start":{"line":204,"column":2},"end":{"line":212,"column":null}},{"start":{"line":204,"column":2},"end":{"line":212,"column":null}}]},"40":{"loc":{"start":{"line":207,"column":4},"end":{"line":209,"column":null}},"type":"if","locations":[{"start":{"line":207,"column":4},"end":{"line":209,"column":null}},{"start":{"line":207,"column":4},"end":{"line":209,"column":null}}]},"41":{"loc":{"start":{"line":219,"column":2},"end":{"line":219,"column":20}},"type":"default-arg","locations":[{"start":{"line":219,"column":19},"end":{"line":219,"column":20}}]},"42":{"loc":{"start":{"line":220,"column":2},"end":{"line":220,"column":25}},"type":"default-arg","locations":[{"start":{"line":220,"column":23},"end":{"line":220,"column":25}}]},"43":{"loc":{"start":{"line":221,"column":2},"end":{"line":221,"column":33}},"type":"default-arg","locations":[{"start":{"line":221,"column":29},"end":{"line":221,"column":33}}]},"44":{"loc":{"start":{"line":225,"column":2},"end":{"line":230,"column":null}},"type":"if","locations":[{"start":{"line":225,"column":2},"end":{"line":230,"column":null}},{"start":{"line":225,"column":2},"end":{"line":230,"column":null}}]},"45":{"loc":{"start":{"line":232,"column":2},"end":{"line":241,"column":null}},"type":"if","locations":[{"start":{"line":232,"column":2},"end":{"line":241,"column":null}},{"start":{"line":232,"column":2},"end":{"line":241,"column":null}}]},"46":{"loc":{"start":{"line":235,"column":6},"end":{"line":239,"column":null}},"type":"if","locations":[{"start":{"line":235,"column":6},"end":{"line":239,"column":null}},{"start":{"line":235,"column":6},"end":{"line":239,"column":null}}]},"47":{"loc":{"start":{"line":235,"column":11},"end":{"line":235,"column":37}},"type":"binary-expr","locations":[{"start":{"line":235,"column":11},"end":{"line":235,"column":31}},{"start":{"line":235,"column":35},"end":{"line":235,"column":37}}]},"48":{"loc":{"start":{"line":247,"column":2},"end":{"line":254,"column":null}},"type":"if","locations":[{"start":{"line":247,"column":2},"end":{"line":254,"column":null}},{"start":{"line":247,"column":2},"end":{"line":254,"column":null}}]}},"s":{"0":1,"1":1,"2":50,"3":1,"4":292,"5":1,"6":15,"7":1,"8":10,"9":1,"10":107,"11":1,"12":35,"13":1,"14":13,"15":1,"16":8,"17":1,"18":11,"19":1,"20":27,"21":1,"22":15,"23":1,"24":71,"25":1,"26":5,"27":1,"28":8,"29":1,"30":13,"31":1,"32":6,"33":3,"34":5,"35":1,"36":2,"37":3,"38":1,"39":6,"40":3,"41":5,"42":1,"43":2,"44":3,"45":1,"46":6,"47":3,"48":6,"49":1,"50":2,"51":3,"52":1,"53":6,"54":3,"55":4,"56":1,"57":2,"58":3,"59":1,"60":6,"61":3,"62":5,"63":1,"64":2,"65":3,"66":1,"67":6,"68":3,"69":4,"70":1,"71":2,"72":3,"73":1,"74":11,"75":1,"76":5,"77":1,"78":10,"79":10,"80":10,"81":10,"82":10,"83":25,"84":5,"85":4,"86":4,"87":4,"88":4,"89":1,"90":20,"91":6,"92":5,"93":1,"94":14,"95":10,"96":1,"97":7,"98":1,"99":36,"100":4,"101":4,"102":9,"103":6,"104":3,"105":32,"106":10,"107":26,"108":26,"109":21,"110":5,"111":1,"112":9,"113":8,"114":8,"115":8,"116":8,"117":1,"118":1,"119":4,"120":4,"121":1,"122":1,"123":12,"124":4,"125":2,"126":2,"127":22,"128":14,"129":14,"130":14,"131":4,"132":1,"133":6,"134":5,"135":5,"136":5,"137":1,"138":1},"f":{"0":50,"1":292,"2":15,"3":10,"4":107,"5":35,"6":13,"7":8,"8":11,"9":27,"10":15,"11":71,"12":5,"13":8,"14":13,"15":6,"16":6,"17":6,"18":6,"19":6,"20":6,"21":11,"22":5,"23":10,"24":7,"25":36,"26":9,"27":4,"28":6},"b":{"0":[292,281],"1":[10,9],"2":[107,100,64],"3":[35,31],"4":[13,13],"5":[8,8,1],"6":[11,2],"7":[27,27,11],"8":[15,7],"9":[71,70,30,4,4],"10":[5,4,4],"11":[8,8,5],"12":[13,13,8],"13":[3,3],"14":[1,4],"15":[3,3],"16":[1,4],"17":[3,3],"18":[1,5],"19":[3,3],"20":[1,3],"21":[3,3],"22":[1,4],"23":[3,3],"24":[1,3],"25":[11,2],"26":[5,4,2],"27":[10,1],"28":[10,1],"29":[5,20],"30":[4,1],"31":[6,14],"32":[5,1],"33":[4,32],"34":[6,3],"35":[10,22],"36":[26,0],"37":[21,5],"38":[9],"39":[8,1],"40":[8,0],"41":[1],"42":[2],"43":[2],"44":[1,3],"45":[2,2],"46":[14,8],"47":[22,8],"48":[5,1]}}
}
