TN:
SF:src\index.ts
FN:2,(anonymous_0)
FN:3,(anonymous_1)
FN:4,(anonymous_2)
FN:5,(anonymous_3)
FN:6,(anonymous_4)
FN:7,(anonymous_5)
FN:8,(anonymous_6)
FN:9,(anonymous_7)
FN:10,(anonymous_8)
FN:11,(anonymous_9)
FN:12,(anonymous_10)
FN:13,(anonymous_11)
FN:14,(anonymous_12)
FN:15,(anonymous_13)
FN:16,(anonymous_14)
FN:17,(anonymous_15)
FN:18,(anonymous_16)
FN:19,(anonymous_17)
FN:20,(anonymous_18)
FN:21,(anonymous_19)
FN:22,(anonymous_20)
FN:23,(anonymous_21)
FN:24,(anonymous_22)
FN:25,(anonymous_23)
FN:26,(anonymous_24)
FN:27,(anonymous_25)
FN:28,(anonymous_26)
FN:29,(anonymous_27)
FN:30,(anonymous_28)
FNF:29
FNH:29
FNDA:5,(anonymous_0)
FNDA:7,(anonymous_1)
FNDA:4,(anonymous_2)
FNDA:6,(anonymous_3)
FNDA:5,(anonymous_4)
FNDA:6,(anonymous_5)
FNDA:6,(anonymous_6)
FNDA:6,(anonymous_7)
FNDA:6,(anonymous_8)
FNDA:6,(anonymous_9)
FNDA:6,(anonymous_10)
FNDA:6,(anonymous_11)
FNDA:8,(anonymous_12)
FNDA:8,(anonymous_13)
FNDA:10,(anonymous_14)
FNDA:10,(anonymous_15)
FNDA:5,(anonymous_16)
FNDA:8,(anonymous_17)
FNDA:11,(anonymous_18)
FNDA:9,(anonymous_19)
FNDA:8,(anonymous_20)
FNDA:7,(anonymous_21)
FNDA:8,(anonymous_22)
FNDA:8,(anonymous_23)
FNDA:11,(anonymous_24)
FNDA:10,(anonymous_25)
FNDA:10,(anonymous_26)
FNDA:1,(anonymous_27)
FNDA:4,(anonymous_28)
DA:1,1
DA:2,6
DA:3,8
DA:4,5
DA:5,7
DA:6,6
DA:7,7
DA:8,7
DA:9,7
DA:10,7
DA:11,7
DA:12,7
DA:13,7
DA:14,9
DA:15,9
DA:16,11
DA:17,11
DA:18,6
DA:19,9
DA:20,12
DA:21,10
DA:22,9
DA:23,8
DA:24,9
DA:25,9
DA:26,12
DA:27,11
DA:28,11
DA:29,2
DA:30,5
LF:30
LH:30
BRF:0
BRH:0
end_of_record
TN:
SF:src\utils.ts
FN:4,isDefined
FN:8,isDefinedAndNotNull
FN:12,isUndefined
FN:16,isUndefinedOrNull
FN:20,isArray
FN:25,isBoolean
FN:29,isDate
FN:33,isError
FN:37,isFalse
FN:41,isNumber
FN:46,isInteger
FN:50,isObject
FN:55,isEmpty
FN:59,isRegExp
FN:63,isString
FN:67,isArrayOfBooleans
FN:78,isArrayOfDates
FN:89,isArrayOfIntegers
FN:100,isArrayOfNumbers
FN:111,isArrayOfStrings
FN:122,isArrayOfObjects
FN:133,isTrue
FN:137,hasProperty
FN:141,append
FN:173,areEqual
FN:177,redactUndefinedValues
FN:203,clone
FN:217,stringify
FN:246,extractAndRedact
FNF:29
FNH:29
FNDA:50,isDefined
FNDA:292,isDefinedAndNotNull
FNDA:15,isUndefined
FNDA:10,isUndefinedOrNull
FNDA:107,isArray
FNDA:35,isBoolean
FNDA:13,isDate
FNDA:8,isError
FNDA:11,isFalse
FNDA:27,isNumber
FNDA:15,isInteger
FNDA:71,isObject
FNDA:5,isEmpty
FNDA:8,isRegExp
FNDA:13,isString
FNDA:6,isArrayOfBooleans
FNDA:6,isArrayOfDates
FNDA:6,isArrayOfIntegers
FNDA:6,isArrayOfNumbers
FNDA:6,isArrayOfStrings
FNDA:6,isArrayOfObjects
FNDA:11,isTrue
FNDA:5,hasProperty
FNDA:10,append
FNDA:7,areEqual
FNDA:36,redactUndefinedValues
FNDA:9,clone
FNDA:4,stringify
FNDA:6,extractAndRedact
DA:1,1
DA:2,1
DA:4,1
DA:5,50
DA:8,1
DA:9,292
DA:12,1
DA:13,15
DA:16,1
DA:17,10
DA:20,1
DA:21,107
DA:25,1
DA:26,35
DA:29,1
DA:30,13
DA:33,1
DA:34,8
DA:37,1
DA:38,11
DA:41,1
DA:43,27
DA:46,1
DA:47,15
DA:50,1
DA:51,71
DA:55,1
DA:56,5
DA:59,1
DA:60,8
DA:63,1
DA:64,13
DA:67,1
DA:68,6
DA:70,5
DA:72,2
DA:75,3
DA:78,1
DA:79,6
DA:81,5
DA:83,2
DA:86,3
DA:89,1
DA:90,6
DA:92,6
DA:94,2
DA:97,3
DA:100,1
DA:101,6
DA:103,4
DA:105,2
DA:108,3
DA:111,1
DA:112,6
DA:114,5
DA:116,2
DA:119,3
DA:122,1
DA:123,6
DA:125,4
DA:127,2
DA:130,3
DA:133,1
DA:134,11
DA:137,1
DA:138,5
DA:141,1
DA:142,10
DA:143,10
DA:145,10
DA:148,10
DA:149,25
DA:150,5
DA:151,4
DA:152,4
DA:153,4
DA:155,4
DA:157,1
DA:159,20
DA:160,6
DA:161,5
DA:163,1
DA:166,14
DA:170,10
DA:173,1
DA:174,7
DA:177,1
DA:178,36
DA:180,4
DA:181,9
DA:182,6
DA:185,3
DA:188,32
DA:190,10
DA:191,26
DA:192,26
DA:193,21
DA:196,5
DA:203,1
DA:204,9
DA:205,8
DA:207,8
DA:208,8
DA:211,8
DA:214,1
DA:217,1
DA:223,4
DA:225,4
DA:227,1
DA:228,12
DA:232,4
DA:234,2
DA:235,22
DA:236,14
DA:237,14
DA:238,14
DA:243,4
DA:246,1
DA:247,6
DA:248,5
DA:251,5
DA:253,5
DA:256,1
LF:123
LH:123
BRDA:9,0,0,292
BRDA:9,0,1,281
BRDA:17,1,0,10
BRDA:17,1,1,9
BRDA:21,2,0,107
BRDA:21,2,1,100
BRDA:21,2,2,64
BRDA:26,3,0,35
BRDA:26,3,1,31
BRDA:30,4,0,13
BRDA:30,4,1,13
BRDA:34,5,0,8
BRDA:34,5,1,8
BRDA:34,5,2,1
BRDA:38,6,0,11
BRDA:38,6,1,2
BRDA:43,7,0,27
BRDA:43,7,1,27
BRDA:43,7,2,11
BRDA:47,8,0,15
BRDA:47,8,1,7
BRDA:51,9,0,71
BRDA:51,9,1,70
BRDA:51,9,2,30
BRDA:51,9,3,4
BRDA:51,9,4,4
BRDA:56,10,0,5
BRDA:56,10,1,4
BRDA:56,10,2,4
BRDA:60,11,0,8
BRDA:60,11,1,8
BRDA:60,11,2,5
BRDA:64,12,0,13
BRDA:64,12,1,13
BRDA:64,12,2,8
BRDA:68,13,0,3
BRDA:68,13,1,3
BRDA:70,14,0,1
BRDA:70,14,1,4
BRDA:79,15,0,3
BRDA:79,15,1,3
BRDA:81,16,0,1
BRDA:81,16,1,4
BRDA:90,17,0,3
BRDA:90,17,1,3
BRDA:92,18,0,1
BRDA:92,18,1,5
BRDA:101,19,0,3
BRDA:101,19,1,3
BRDA:103,20,0,1
BRDA:103,20,1,3
BRDA:112,21,0,3
BRDA:112,21,1,3
BRDA:114,22,0,1
BRDA:114,22,1,4
BRDA:123,23,0,3
BRDA:123,23,1,3
BRDA:125,24,0,1
BRDA:125,24,1,3
BRDA:134,25,0,11
BRDA:134,25,1,2
BRDA:138,26,0,5
BRDA:138,26,1,4
BRDA:138,26,2,2
BRDA:142,27,0,10
BRDA:142,27,1,1
BRDA:143,28,0,10
BRDA:143,28,1,1
BRDA:149,29,0,5
BRDA:149,29,1,20
BRDA:150,30,0,4
BRDA:150,30,1,1
BRDA:159,31,0,6
BRDA:159,31,1,14
BRDA:160,32,0,5
BRDA:160,32,1,1
BRDA:178,33,0,4
BRDA:178,33,1,32
BRDA:181,34,0,6
BRDA:181,34,1,3
BRDA:188,35,0,10
BRDA:188,35,1,22
BRDA:191,36,0,26
BRDA:191,36,1,0
BRDA:192,37,0,21
BRDA:192,37,1,5
BRDA:203,38,0,9
BRDA:204,39,0,8
BRDA:204,39,1,1
BRDA:207,40,0,8
BRDA:207,40,1,0
BRDA:219,41,0,1
BRDA:220,42,0,2
BRDA:221,43,0,2
BRDA:225,44,0,1
BRDA:225,44,1,3
BRDA:232,45,0,2
BRDA:232,45,1,2
BRDA:235,46,0,14
BRDA:235,46,1,8
BRDA:235,47,0,22
BRDA:235,47,1,8
BRDA:247,48,0,5
BRDA:247,48,1,1
BRF:104
BRH:102
end_of_record
